Arguments: 
  C:\Program Files\nodejs\node.exe C:\Users\shiva\AppData\Roaming\npm\node_modules\yarn\bin\yarn.js start

PATH: 
  C:\Python310\Scripts\;C:\Python310\;C:\Users\shiva\AppData\Local\Programs\Python\Python39\Scripts\;C:\Users\shiva\AppData\Local\Programs\Python\Python39\;C:\Program Files (x86)\Common Files\Oracle\Java\javapath;C:\Windows\system32;C:\Windows;C:\Windows\System32\Wbem;C:\Windows\System32\WindowsPowerShell\v1.0\;C:\Windows\System32\OpenSSH\;C:\Program Files (x86)\NVIDIA Corporation\PhysX\Common;C:\Program Files\NVIDIA Corporation\NVIDIA NvDLISR;C:\Program Files\Java\jre1.8.0_301\bin;C:\ProgramData\chocolatey\bin;C:\WINDOWS\system32;C:\WINDOWS;C:\WINDOWS\System32\Wbem;C:\WINDOWS\System32\WindowsPowerShell\v1.0\;C:\WINDOWS\System32\OpenSSH\;C:\Program Files\Git\cmd;C:\Program Files\Redis\;C:\Program Files\MATLAB\R2022b\bin;C:\Program Files\nodejs\;C:\Users\shiva\AppData\Local\Programs\Python\Python311\Scripts\;C:\Users\shiva\AppData\Local\Programs\Python\Python311\;C:\Users\shiva\AppData\Local\Programs\Python\Launcher\;C:\Users\shiva\AppData\Local\Microsoft\WindowsApps;C:\Program Files (x86)\mingw-w64\i686-8.1.0-posix-dwarf-rt_v6-rev0\mingw32\bin;C:\ProgramData\shiva\atom\bin;C:\Users\shiva\AppData\Local\atom\bin;C:\Users\shiva\AppData\Local\Microsoft\WindowsApps;C:\Users\shiva\AppData\Local\Programs\Microsoft VS Code\bin;C:\Users\shiva\AppData\Roaming\npm;C:\Program Files\JetBrains\DataGrip 2022.3.3\bin;;C:\Program Files\MongoDB\Server\6.0\bin;C:\Program Files\Vim\vim90;C:\Python311\Scripts\;

Yarn version: 
  1.22.18

Node version: 
  18.12.1

Platform: 
  win32 x64

Trace: 
  SyntaxError: D:\Personal\Project\pAcker-Man\Server\package.json: Unexpected token } in JSON at position 3593
      at JSON.parse (<anonymous>)
      at C:\Users\shiva\AppData\Roaming\npm\node_modules\yarn\lib\cli.js:1625:59
      at Generator.next (<anonymous>)
      at step (C:\Users\shiva\AppData\Roaming\npm\node_modules\yarn\lib\cli.js:310:30)
      at C:\Users\shiva\AppData\Roaming\npm\node_modules\yarn\lib\cli.js:321:13

npm manifest: 
  {
    "name": "server",
    "version": "1.0.0",
    "description": "This project focuses on optimizing the packing of objects into a container based on different criteria such as packing efficiency, profit, and weight. Given a set of objects with their weight, volume, and price, the goal is to fill a container with limited volume and weight in a way that maximizes the chosen criterion.",
    "main": "app.js",
    "dependencies": {
      "abbrev": "^1.1.1",
      "accepts": "^1.3.8",
      "base64-js": "^1.5.1",
      "body-parser": "^1.20.2",
      "binary-extensions": "^2.2.0",
      "brace-expansion": "^1.1.11",
      "anymatch": "^3.1.3",
      "bytes": "^3.1.2",
      "call-bind": "^1.0.2",
      "buffer": "^5.7.1",
      "balanced-match": "^1.0.2",
      "content-type": "^1.0.5",
      "content-disposition": "^0.5.4",
      "cookie": "^0.5.0",
      "cookie-signature": "^1.0.6",
      "braces": "^3.0.2",
      "array-flatten": "^1.1.1",
      "debug": "^2.6.9",
      "destroy": "^1.2.0",
      "concat-map": "^0.0.1",
      "dotenv": "^16.0.3",
      "ee-first": "^1.1.1",
      "escape-html": "^1.0.3",
      "bson": "^5.3.0",
      "express": "^4.18.2",
      "etag": "^1.8.1",
      "chokidar": "^3.5.3",
      "depd": "^2.0.0",
      "forwarded": "^0.2.0",
      "function-bind": "^1.1.1",
      "fresh": "^0.5.2",
      "fill-range": "^7.0.1",
      "glob-parent": "^5.1.2",
      "get-intrinsic": "^1.2.1",
      "denque": "^1.5.1",
      "has-flag": "^3.0.0",
      "has": "^1.0.3",
      "has-proto": "^1.0.1",
      "has-symbols": "^1.0.3",
      "iconv-lite": "^0.4.24",
      "inherits": "^2.0.4",
      "ip": "^2.0.0",
      "ignore-by-default": "^1.0.1",
      "ieee754": "^1.2.1",
      "is-extglob": "^2.1.1",
      "is-binary-path": "^2.1.0",
      "is-glob": "^4.0.3",
      "http-errors": "^2.0.0",
      "kareem": "^2.5.1",
      "finalhandler": "^1.2.0",
      "memory-pager": "^1.5.0",
      "media-typer": "^0.3.0",
      "methods": "^1.1.2",
      "mime": "^1.6.0",
      "merge-descriptors": "^1.0.1",
      "mime-db": "^1.52.0",
      "mime-types": "^2.1.35",
      "minimatch": "^3.1.2",
      "is-number": "^7.0.0",
      "ipaddr.js": "^1.9.1",
      "mpath": "^0.9.0",
      "ms": "^2.0.0",
      "mquery": "^5.0.0",
      "negotiator": "^0.6.3",
      "mongodb": "^4.0.1",
      "mongodb-connection-string-url": "^1.1.2",
      "nopt": "^1.0.10",
      "object-inspect": "^1.12.3",
      "on-finished": "^2.4.1",
      "parseurl": "^1.3.3",
      "normalize-path": "^3.0.0",
      "path-to-regexp": "^0.1.7",
      "picomatch": "^2.3.1",
      "proxy-addr": "^2.0.7",
      "pstree.remy": "^1.1.8",
      "opencv.js": "^1.2.1",
      "qs": "^6.11.0",
      "punycode": "^2.3.0",
      "raw-body": "^2.5.2",
      "range-parser": "^1.2.1",
      "safe-buffer": "^5.2.1",
      "safer-buffer": "^2.1.2",
      "saslprep": "^1.0.3",
      "send": "^0.18.0",
      "readdirp": "^3.6.0",
      "setprototypeof": "^1.2.0",
      "side-channel": "^1.0.4",
      "mongoose": "^7.2.0",
      "sift": "^16.0.1",
      "simple-update-notifier": "^1.1.0",
      "serve-static": "^1.15.0",
      "smart-buffer": "^4.2.0",
      "socks": "^2.7.1",
      "statuses": "^2.0.1",
      "sparse-bitfield": "^3.0.3",
      "nodemon": "^2.0.22",
      "touch": "^3.1.0",
      "to-regex-range": "^5.0.1",
      "supports-color": "^5.5.0",
      "tr46": "^2.1.0",
      "type-is": "^1.6.18",
      "toidentifier": "^1.0.1",
      "unpipe": "^1.0.0",
      "vary": "^1.1.2",
      "undefsafe": "^2.0.5",
      "webidl-conversions": "^6.1.0",
      "utils-merge": "^1.0.1",
      "semver": "^5.7.1",
      "whatwg-url": "^8.7.0",
      "encodeurl": "^1.0.2",
      "lodash": "^4.17.21"
    },
    "engines": {
      "node": "14.x"
    },
    "devDependencies": {},
    "scripts": {
      "start": "node app.js",
    },
    "keywords": [],
    "author": "",
    "license": "ISC"
  }

yarn manifest: 
  No manifest

Lockfile: 
  No lockfile
